<?xml version="1.0" encoding="UTF-8"?><testsuite errors="1" failures="0" name="login" skipped="0" tests="1" time="2.05" timestamp="2022-11-18 09:19:10"><testcase name="login succesfull"><error message="Could not instantiate class org.openqa.selenium.chrome.ChromeDriver" type="net.thucydides.core.webdriver.DriverConfigurationError">Could not instantiate class org.openqa.selenium.chrome.ChromeDriver</error><system-err>Could not instantiate class org.openqa.selenium.chrome.ChromeDriver&#13;
com.co.qvision.stepdefinitions.LoginStepDefinition.heUserIsOnThePage(LoginStepDefinition.java:28)&#13;
cucumber.runner.Runner.runPickle(Runner.java:80)&#13;
worker.org.gradle.process.internal.worker.GradleWorkerMain.run(GradleWorkerMain.java:69)&#13;
worker.org.gradle.process.internal.worker.GradleWorkerMain.main(GradleWorkerMain.java:74)&#13;
</system-err></testcase></testsuite>